[0m[2m[35m$[0m [2m[1mnext build[0m
 [33m[1m⚠[22m[39m Invalid next.config.mjs options detected: 
 [33m[1m⚠[22m[39m     Unrecognized key(s) in object: 'serverComponentsExternalPackages' at "experimental"
 [33m[1m⚠[22m[39m See more info here: https://nextjs.org/docs/messages/invalid-next-config
 [33m[1m⚠[22m[39m `experimental.serverComponentsExternalPackages` has been moved to `serverExternalPackages`. Please update your next.config.mjs file accordingly.
[35m[1mAttention[22m[39m: Next.js now collects completely anonymous telemetry regarding usage.
This information is used to shape Next.js' roadmap and prioritize features.
You can learn more, including how to opt-out if you'd not like to participate in this anonymous program, by visiting the following URL:
[36mhttps://nextjs.org/telemetry[39m

   [1m[38;2;173;127;168m▲ Next.js 15.2.4[39m[22m
   - Environments: .env.local

 [37m[1m [22m[39m Creating an optimized production build ...
Failed to compile.

./app/dashboard/cie/page.tsx
Module not found: Can't resolve '@/components/ui/card'

https://nextjs.org/docs/messages/module-not-found

./app/dashboard/cie/page.tsx
Module not found: Can't resolve '@/components/ui/badge'

https://nextjs.org/docs/messages/module-not-found

./app/dashboard/cie/page.tsx
Module not found: Can't resolve '@/components/ui/table'

https://nextjs.org/docs/messages/module-not-found

./app/dashboard/cie/page.tsx
Module not found: Can't resolve '@/data/cie'

https://nextjs.org/docs/messages/module-not-found

./app/dashboard/courses/page.tsx
Module not found: Can't resolve '@/components/ui/card'

https://nextjs.org/docs/messages/module-not-found


> Build failed because of webpack errors
[0m[31merror[0m[2m:[0m script [1m"build"[0m exited with code 1[0m
